<?xml version="1.0" encoding="UTF-8"?>
<Site BuildName="(empty)"
	BuildStamp="20230904-0207-Experimental"
	Name="rs1-virtual-machine"
	Generator="ctest-3.10.2"
	CompilerName="/usr/bin/c++"
	CompilerVersion="7.5.0"
	OSName="Linux"
	Hostname="rs1-virtual-machine"
	OSRelease="5.4.0-150-generic"
	OSVersion="#167~18.04.1-Ubuntu SMP Wed May 24 00:51:42 UTC 2023"
	OSPlatform="x86_64"
	Is64Bits="1"
	VendorString="GenuineIntel"
	VendorID="Intel Corporation"
	FamilyID="6"
	ModelID="158"
	ProcessorCacheSize="9216"
	NumberOfLogicalCPU="4"
	NumberOfPhysicalCPU="4"
	TotalVirtualMemory="2047"
	TotalPhysicalMemory="7927"
	LogicalProcessorsPerPhysical="1"
	ProcessorClockFrequency="3696"
	>
	<Testing>
		<StartDateTime>Sep 04 14:11 AEST</StartDateTime>
		<StartTestTime>1693800690</StartTestTime>
		<TestList/>
		<EndDateTime>Sep 04 14:11 AEST</EndDateTime>
		<EndTestTime>1693800690</EndTestTime>
		<ElapsedMinutes>0</ElapsedMinutes>
	</Testing>
</Site>
